2019-10-14 01:28:10.630  INFO 24588 --- [main] com.example.demo.SareetaApplication      : Starting SareetaApplication on yoonui-MacBook-Pro.local with PID 24588 (started by yoon in /Users/yoon/Desktop/JavaDeveloper-NanoDegree/e-commerce App)
2019-10-14 01:28:10.635  INFO 24588 --- [main] com.example.demo.SareetaApplication      : No active profile set, falling back to default profiles: default
2019-10-14 01:28:11.810  INFO 24588 --- [main] .s.d.r.c.RepositoryConfigurationDelegate : Bootstrapping Spring Data repositories in DEFAULT mode.
2019-10-14 01:28:11.933  INFO 24588 --- [main] .s.d.r.c.RepositoryConfigurationDelegate : Finished Spring Data repository scanning in 109ms. Found 4 repository interfaces.
2019-10-14 01:28:12.899  INFO 24588 --- [main] trationDelegate$BeanPostProcessorChecker : Bean 'org.springframework.transaction.annotation.ProxyTransactionManagementConfiguration' of type [org.springframework.transaction.annotation.ProxyTransactionManagementConfiguration$$EnhancerBySpringCGLIB$$88ddd7ee] is not eligible for getting processed by all BeanPostProcessors (for example: not eligible for auto-proxying)
2019-10-14 01:28:12.978  INFO 24588 --- [main] trationDelegate$BeanPostProcessorChecker : Bean 'org.springframework.security.config.annotation.configuration.ObjectPostProcessorConfiguration' of type [org.springframework.security.config.annotation.configuration.ObjectPostProcessorConfiguration$$EnhancerBySpringCGLIB$$218ba028] is not eligible for getting processed by all BeanPostProcessors (for example: not eligible for auto-proxying)
2019-10-14 01:28:13.020  INFO 24588 --- [main] trationDelegate$BeanPostProcessorChecker : Bean 'objectPostProcessor' of type [org.springframework.security.config.annotation.configuration.AutowireBeanFactoryObjectPostProcessor] is not eligible for getting processed by all BeanPostProcessors (for example: not eligible for auto-proxying)
2019-10-14 01:28:13.028  INFO 24588 --- [main] trationDelegate$BeanPostProcessorChecker : Bean 'org.springframework.security.access.expression.method.DefaultMethodSecurityExpressionHandler@136ab773' of type [org.springframework.security.access.expression.method.DefaultMethodSecurityExpressionHandler] is not eligible for getting processed by all BeanPostProcessors (for example: not eligible for auto-proxying)
2019-10-14 01:28:13.034  INFO 24588 --- [main] trationDelegate$BeanPostProcessorChecker : Bean 'org.springframework.security.config.annotation.method.configuration.GlobalMethodSecurityConfiguration' of type [org.springframework.security.config.annotation.method.configuration.GlobalMethodSecurityConfiguration$$EnhancerBySpringCGLIB$$466042da] is not eligible for getting processed by all BeanPostProcessors (for example: not eligible for auto-proxying)
2019-10-14 01:28:13.040  INFO 24588 --- [main] trationDelegate$BeanPostProcessorChecker : Bean 'methodSecurityMetadataSource' of type [org.springframework.security.access.method.DelegatingMethodSecurityMetadataSource] is not eligible for getting processed by all BeanPostProcessors (for example: not eligible for auto-proxying)
2019-10-14 01:28:13.536  INFO 24588 --- [main] o.s.b.w.embedded.tomcat.TomcatWebServer  : Tomcat initialized with port(s): 8080 (http)
2019-10-14 01:28:13.599  INFO 24588 --- [main] o.apache.catalina.core.StandardService   : Starting service [Tomcat]
2019-10-14 01:28:13.599  INFO 24588 --- [main] org.apache.catalina.core.StandardEngine  : Starting Servlet engine: [Apache Tomcat/9.0.19]
2019-10-14 01:28:13.759  INFO 24588 --- [main] o.a.c.c.C.[Tomcat].[localhost].[/]       : Initializing Spring embedded WebApplicationContext
2019-10-14 01:28:13.759  INFO 24588 --- [main] o.s.web.context.ContextLoader            : Root WebApplicationContext: initialization completed in 2959 ms
2019-10-14 01:28:13.977  INFO 24588 --- [main] com.zaxxer.hikari.HikariDataSource       : HikariPool-1 - Starting...
2019-10-14 01:28:14.166  INFO 24588 --- [main] com.zaxxer.hikari.HikariDataSource       : HikariPool-1 - Start completed.
2019-10-14 01:28:14.236  INFO 24588 --- [main] o.hibernate.jpa.internal.util.LogHelper  : HHH000204: Processing PersistenceUnitInfo [
	name: default
	...]
2019-10-14 01:28:14.309  INFO 24588 --- [main] org.hibernate.Version                    : HHH000412: Hibernate Core {5.3.10.Final}
2019-10-14 01:28:14.311  INFO 24588 --- [main] org.hibernate.cfg.Environment            : HHH000206: hibernate.properties not found
2019-10-14 01:28:14.458  INFO 24588 --- [main] o.hibernate.annotations.common.Version   : HCANN000001: Hibernate Commons Annotations {5.0.4.Final}
2019-10-14 01:28:14.601  INFO 24588 --- [main] org.hibernate.dialect.Dialect            : HHH000400: Using dialect: org.hibernate.dialect.H2Dialect
2019-10-14 01:28:15.451  INFO 24588 --- [main] j.LocalContainerEntityManagerFactoryBean : Initialized JPA EntityManagerFactory for persistence unit 'default'
2019-10-14 01:28:16.415  WARN 24588 --- [main] aWebConfiguration$JpaWebMvcConfiguration : spring.jpa.open-in-view is enabled by default. Therefore, database queries may be performed during view rendering. Explicitly configure spring.jpa.open-in-view to disable this warning
2019-10-14 01:28:16.685  INFO 24588 --- [main] o.s.s.web.DefaultSecurityFilterChain     : Creating filter chain: any request, [org.springframework.security.web.context.request.async.WebAsyncManagerIntegrationFilter@246ce35f, org.springframework.security.web.context.SecurityContextPersistenceFilter@6fdb3a1c, org.springframework.security.web.header.HeaderWriterFilter@45cd1c6d, org.springframework.web.filter.CorsFilter@3be074b8, org.springframework.security.web.authentication.logout.LogoutFilter@1308ed93, com.example.demo.security.JwtAuthenticationFilter@5f81f4d3, com.example.demo.security.JwtAuthorizationFilter@3b93cafd, org.springframework.security.web.savedrequest.RequestCacheAwareFilter@2c234bd5, org.springframework.security.web.servletapi.SecurityContextHolderAwareRequestFilter@39ba2843, org.springframework.security.web.authentication.AnonymousAuthenticationFilter@7826a0cb, org.springframework.security.web.session.SessionManagementFilter@746b7c62, org.springframework.security.web.access.ExceptionTranslationFilter@7e745d65, org.springframework.security.web.access.intercept.FilterSecurityInterceptor@46034a20]
2019-10-14 01:28:17.001  INFO 24588 --- [main] o.s.s.concurrent.ThreadPoolTaskExecutor  : Initializing ExecutorService 'applicationTaskExecutor'
2019-10-14 01:28:17.371  INFO 24588 --- [main] o.s.b.w.embedded.tomcat.TomcatWebServer  : Tomcat started on port(s): 8080 (http) with context path ''
2019-10-14 01:28:17.377  INFO 24588 --- [main] com.example.demo.SareetaApplication      : Started SareetaApplication in 7.317 seconds (JVM running for 10.872)
2019-10-14 01:28:22.240  INFO 24588 --- [http-nio-8080-exec-1] o.a.c.c.C.[Tomcat].[localhost].[/]       : Initializing Spring DispatcherServlet 'dispatcherServlet'
2019-10-14 01:28:22.241  INFO 24588 --- [http-nio-8080-exec-1] o.s.web.servlet.DispatcherServlet        : Initializing Servlet 'dispatcherServlet'
2019-10-14 01:28:22.249  INFO 24588 --- [http-nio-8080-exec-1] o.s.web.servlet.DispatcherServlet        : Completed initialization in 8 ms
2019-10-14 01:28:22.351  INFO 24588 --- [http-nio-8080-exec-1] c.e.demo.controllers.UserController      : User name set with value: yoon
2019-10-14 01:28:22.524  INFO 24588 --- [http-nio-8080-exec-1] c.e.demo.controllers.UserController      : Create yoon Success!
2019-10-14 01:28:25.541  INFO 24588 --- [http-nio-8080-exec-3] o.h.h.i.QueryTranslatorFactoryInitiator  : HHH000397: Using ASTQueryTranslatorFactory
2019-10-14 01:28:46.416  INFO 24588 --- [http-nio-8080-exec-5] c.e.demo.controllers.OrderController     : Order success with id: '1'
